# JRE version: OpenJDK Runtime Environment (11.0.8+10) (build 11.0.8+10-b944.6842174)
# Java VM: OpenJDK 64-Bit Server VM (11.0.8+10-b944.6842174, mixed mode, tiered, compressed oops, g1 gc, windows-amd64)
Heap:
 garbage-first heap   total 258048K, used 156578K [0x0000000080000000, 0x0000000100000000)
  region size 1024K, 137 young (140288K), 11 survivors (11264K)
 Metaspace       used 56603K, capacity 57992K, committed 58188K, reserved 1099776K
  class space    used 7208K, capacity 7677K, committed 7756K, reserved 1048576K
GC Heap History (10 events):
Event: 2.025 GC heap before
{Heap before GC invocations=0 (full 0):
 garbage-first heap   total 258048K, used 29696K [0x0000000080000000, 0x0000000100000000)
  region size 1024K, 24 young (24576K), 0 survivors (0K)
 Metaspace       used 10711K, capacity 11012K, committed 11264K, reserved 1058816K
  class space    used 1129K, capacity 1200K, committed 1280K, reserved 1048576K
}
Event: 2.031 GC heap after
{Heap after GC invocations=1 (full 0):
 garbage-first heap   total 258048K, used 9107K [0x0000000080000000, 0x0000000100000000)
  region size 1024K, 3 young (3072K), 3 survivors (3072K)
 Metaspace       used 10711K, capacity 11012K, committed 11264K, reserved 1058816K
  class space    used 1129K, capacity 1200K, committed 1280K, reserved 1048576K
}
Event: 6.155 GC heap before
{Heap before GC invocations=1 (full 0):
 garbage-first heap   total 258048K, used 92051K [0x0000000080000000, 0x0000000100000000)
  region size 1024K, 86 young (88064K), 3 survivors (3072K)
 Metaspace       used 20594K, capacity 21111K, committed 21248K, reserved 1067008K
  class space    used 2526K, capacity 2712K, committed 2816K, reserved 1048576K
}
Event: 6.172 GC heap after
{Heap after GC invocations=2 (full 0):
 garbage-first heap   total 258048K, used 16150K [0x0000000080000000, 0x0000000100000000)
  region size 1024K, 10 young (10240K), 10 survivors (10240K)
 Metaspace       used 20594K, capacity 21111K, committed 21248K, reserved 1067008K
  class space    used 2526K, capacity 2712K, committed 2816K, reserved 1048576K
}
Event: 8.032 GC heap before
{Heap before GC invocations=3 (full 0):
 garbage-first heap   total 258048K, used 74518K [0x0000000080000000, 0x0000000100000000)
  region size 1024K, 67 young (68608K), 10 survivors (10240K)
 Metaspace       used 26868K, capacity 27480K, committed 27648K, reserved 1073152K
  class space    used 3539K, capacity 3755K, committed 3840K, reserved 1048576K
}
Event: 8.045 GC heap after
{Heap after GC invocations=4 (full 0):
 garbage-first heap   total 258048K, used 18576K [0x0000000080000000, 0x0000000100000000)
  region size 1024K, 3 young (3072K), 3 survivors (3072K)
 Metaspace       used 26868K, capacity 27480K, committed 27648K, reserved 1073152K
  class space    used 3539K, capacity 3755K, committed 3840K, reserved 1048576K
}
Event: 9.497 GC heap before
{Heap before GC invocations=4 (full 0):
 garbage-first heap   total 258048K, used 57488K [0x0000000080000000, 0x0000000100000000)
  region size 1024K, 43 young (44032K), 3 survivors (3072K)
 Metaspace       used 35068K, capacity 35819K, committed 35840K, reserved 1081344K
  class space    used 4559K, capacity 4854K, committed 4864K, reserved 1048576K
}
Event: 9.508 GC heap after
{Heap after GC invocations=5 (full 0):
 garbage-first heap   total 258048K, used 21410K [0x0000000080000000, 0x0000000100000000)
  region size 1024K, 6 young (6144K), 6 survivors (6144K)
 Metaspace       used 35068K, capacity 35819K, committed 35840K, reserved 1081344K
  class space    used 4559K, capacity 4854K, committed 4864K, reserved 1048576K
}
Event: 13.144 GC heap before
{Heap before GC invocations=6 (full 0):
 garbage-first heap   total 258048K, used 124834K [0x0000000080000000, 0x0000000100000000)
  region size 1024K, 104 young (106496K), 6 survivors (6144K)
 Metaspace       used 44084K, capacity 45075K, committed 45260K, reserved 1089536K
  class space    used 5659K, capacity 6017K, committed 6092K, reserved 1048576K
}
Event: 13.160 GC heap after
{Heap after GC invocations=7 (full 0):
 garbage-first heap   total 258048K, used 26530K [0x0000000080000000, 0x0000000100000000)
  region size 1024K, 11 young (11264K), 11 survivors (11264K)
 Metaspace       used 44084K, capacity 45075K, committed 45260K, reserved 1089536K
  class space    used 5659K, capacity 6017K, committed 6092K, reserved 1048576K
}

