# JRE version: OpenJDK Runtime Environment (11.0.8+10) (build 11.0.8+10-b944.6842174)
# Java VM: OpenJDK 64-Bit Server VM (11.0.8+10-b944.6842174, mixed mode, tiered, compressed oops, g1 gc, windows-amd64)
Heap:
 garbage-first heap   total 930816K, used 120988K [0x0000000080000000, 0x0000000100000000)
  region size 1024K, 10 young (10240K), 10 survivors (10240K)
 Metaspace       used 93737K, capacity 96508K, committed 96716K, reserved 1132544K
  class space    used 12200K, capacity 13212K, committed 13260K, reserved 1048576K
GC Heap History (20 events):
Event: 13.377 GC heap after
{Heap after GC invocations=21 (full 0):
 garbage-first heap   total 310272K, used 104433K [0x0000000080000000, 0x0000000100000000)
  region size 1024K, 9 young (9216K), 9 survivors (9216K)
 Metaspace       used 92076K, capacity 94787K, committed 95052K, reserved 1130496K
  class space    used 12091K, capacity 13105K, committed 13132K, reserved 1048576K
}
Event: 13.385 GC heap before
{Heap before GC invocations=21 (full 0):
 garbage-first heap   total 310272K, used 110577K [0x0000000080000000, 0x0000000100000000)
  region size 1024K, 15 young (15360K), 9 survivors (9216K)
 Metaspace       used 92120K, capacity 94851K, committed 95052K, reserved 1130496K
  class space    used 12091K, capacity 13105K, committed 13132K, reserved 1048576K
}
Event: 13.393 GC heap after
{Heap after GC invocations=22 (full 0):
 garbage-first heap   total 310272K, used 105132K [0x0000000080000000, 0x0000000100000000)
  region size 1024K, 2 young (2048K), 2 survivors (2048K)
 Metaspace       used 92120K, capacity 94851K, committed 95052K, reserved 1130496K
  class space    used 12091K, capacity 13105K, committed 13132K, reserved 1048576K
}
Event: 13.407 GC heap before
{Heap before GC invocations=22 (full 0):
 garbage-first heap   total 310272K, used 118444K [0x0000000080000000, 0x0000000100000000)
  region size 1024K, 15 young (15360K), 2 survivors (2048K)
 Metaspace       used 92123K, capacity 94851K, committed 95052K, reserved 1130496K
  class space    used 12092K, capacity 13105K, committed 13132K, reserved 1048576K
}
Event: 13.409 GC heap after
{Heap after GC invocations=23 (full 0):
 garbage-first heap   total 310272K, used 105195K [0x0000000080000000, 0x0000000100000000)
  region size 1024K, 2 young (2048K), 2 survivors (2048K)
 Metaspace       used 92123K, capacity 94851K, committed 95052K, reserved 1130496K
  class space    used 12092K, capacity 13105K, committed 13132K, reserved 1048576K
}
Event: 13.424 GC heap before
{Heap before GC invocations=23 (full 0):
 garbage-first heap   total 310272K, used 118507K [0x0000000080000000, 0x0000000100000000)
  region size 1024K, 15 young (15360K), 2 survivors (2048K)
 Metaspace       used 92145K, capacity 94851K, committed 95052K, reserved 1130496K
  class space    used 12092K, capacity 13105K, committed 13132K, reserved 1048576K
}
Event: 13.427 GC heap after
{Heap after GC invocations=24 (full 0):
 garbage-first heap   total 310272K, used 106483K [0x0000000080000000, 0x0000000100000000)
  region size 1024K, 2 young (2048K), 2 survivors (2048K)
 Metaspace       used 92145K, capacity 94851K, committed 95052K, reserved 1130496K
  class space    used 12092K, capacity 13105K, committed 13132K, reserved 1048576K
}
Event: 13.445 GC heap before
{Heap before GC invocations=24 (full 0):
 garbage-first heap   total 310272K, used 119795K [0x0000000080000000, 0x0000000100000000)
  region size 1024K, 15 young (15360K), 2 survivors (2048K)
 Metaspace       used 92174K, capacity 94915K, committed 95052K, reserved 1130496K
  class space    used 12093K, capacity 13105K, committed 13132K, reserved 1048576K
}
Event: 13.447 GC heap after
{Heap after GC invocations=25 (full 0):
 garbage-first heap   total 310272K, used 107070K [0x0000000080000000, 0x0000000100000000)
  region size 1024K, 1 young (1024K), 1 survivors (1024K)
 Metaspace       used 92174K, capacity 94915K, committed 95052K, reserved 1130496K
  class space    used 12093K, capacity 13105K, committed 13132K, reserved 1048576K
}
Event: 13.590 GC heap before
{Heap before GC invocations=25 (full 0):
 garbage-first heap   total 310272K, used 212542K [0x0000000080000000, 0x0000000100000000)
  region size 1024K, 104 young (106496K), 1 survivors (1024K)
 Metaspace       used 92567K, capacity 95352K, committed 95692K, reserved 1132544K
  class space    used 12126K, capacity 13140K, committed 13260K, reserved 1048576K
}
Event: 13.594 GC heap after
{Heap after GC invocations=26 (full 0):
 garbage-first heap   total 310272K, used 108978K [0x0000000080000000, 0x0000000100000000)
  region size 1024K, 3 young (3072K), 3 survivors (3072K)
 Metaspace       used 92567K, capacity 95352K, committed 95692K, reserved 1132544K
  class space    used 12126K, capacity 13140K, committed 13260K, reserved 1048576K
}
Event: 13.793 GC heap before
{Heap before GC invocations=26 (full 0):
 garbage-first heap   total 310272K, used 220594K [0x0000000080000000, 0x0000000100000000)
  region size 1024K, 112 young (114688K), 3 survivors (3072K)
 Metaspace       used 92857K, capacity 95579K, committed 95692K, reserved 1132544K
  class space    used 12146K, capacity 13148K, committed 13260K, reserved 1048576K
}
Event: 13.799 GC heap after
{Heap after GC invocations=27 (full 0):
 garbage-first heap   total 310272K, used 111719K [0x0000000080000000, 0x0000000100000000)
  region size 1024K, 6 young (6144K), 6 survivors (6144K)
 Metaspace       used 92857K, capacity 95579K, committed 95692K, reserved 1132544K
  class space    used 12146K, capacity 13148K, committed 13260K, reserved 1048576K
}
Event: 13.984 GC heap before
{Heap before GC invocations=27 (full 0):
 garbage-first heap   total 310272K, used 227431K [0x0000000080000000, 0x0000000100000000)
  region size 1024K, 119 young (121856K), 6 survivors (6144K)
 Metaspace       used 93076K, capacity 95786K, committed 95948K, reserved 1132544K
  class space    used 12159K, capacity 13148K, committed 13260K, reserved 1048576K
}
Event: 13.994 GC heap after
{Heap after GC invocations=28 (full 0):
 garbage-first heap   total 310272K, used 114690K [0x0000000080000000, 0x0000000100000000)
  region size 1024K, 9 young (9216K), 9 survivors (9216K)
 Metaspace       used 93076K, capacity 95786K, committed 95948K, reserved 1132544K
  class space    used 12159K, capacity 13148K, committed 13260K, reserved 1048576K
}
Event: 14.207 GC heap before
{Heap before GC invocations=28 (full 0):
 garbage-first heap   total 310272K, used 233474K [0x0000000080000000, 0x0000000100000000)
  region size 1024K, 125 young (128000K), 9 survivors (9216K)
 Metaspace       used 93222K, capacity 95950K, committed 96204K, reserved 1132544K
  class space    used 12171K, capacity 13180K, committed 13260K, reserved 1048576K
}
Event: 14.217 GC heap after
{Heap after GC invocations=29 (full 0):
 garbage-first heap   total 310272K, used 117028K [0x0000000080000000, 0x0000000100000000)
  region size 1024K, 11 young (11264K), 11 survivors (11264K)
 Metaspace       used 93222K, capacity 95950K, committed 96204K, reserved 1132544K
  class space    used 12171K, capacity 13180K, committed 13260K, reserved 1048576K
}
Event: 14.398 GC heap before
{Heap before GC invocations=29 (full 0):
 garbage-first heap   total 310272K, used 237860K [0x0000000080000000, 0x0000000100000000)
  region size 1024K, 130 young (133120K), 11 survivors (11264K)
 Metaspace       used 93569K, capacity 96305K, committed 96460K, reserved 1132544K
  class space    used 12197K, capacity 13212K, committed 13260K, reserved 1048576K
}
Event: 14.410 GC heap after
{Heap after GC invocations=30 (full 0):
 garbage-first heap   total 310272K, used 118348K [0x0000000080000000, 0x0000000100000000)
  region size 1024K, 10 young (10240K), 10 survivors (10240K)
 Metaspace       used 93569K, capacity 96305K, committed 96460K, reserved 1132544K
  class space    used 12197K, capacity 13212K, committed 13260K, reserved 1048576K
}
Event: 14.608 GC heap before
{Heap before GC invocations=30 (full 0):
 garbage-first heap   total 310272K, used 243276K [0x0000000080000000, 0x0000000100000000)
  region size 1024K, 133 young (136192K), 10 survivors (10240K)
 Metaspace       used 93737K, capacity 96508K, committed 96716K, reserved 1132544K
  class space    used 12200K, capacity 13212K, committed 13260K, reserved 1048576K
}

