# JRE version: OpenJDK Runtime Environment (11.0.8+10) (build 11.0.8+10-b944.6842174)
# Java VM: OpenJDK 64-Bit Server VM (11.0.8+10-b944.6842174, mixed mode, tiered, compressed oops, g1 gc, windows-amd64)
Heap:
 garbage-first heap   total 258048K, used 128927K [0x0000000080000000, 0x0000000100000000)
  region size 1024K, 88 young (90112K), 10 survivors (10240K)
 Metaspace       used 75425K, capacity 77401K, committed 77644K, reserved 1116160K
  class space    used 9852K, capacity 10550K, committed 10572K, reserved 1048576K
GC Heap History (14 events):
Event: 0.699 GC heap before
{Heap before GC invocations=0 (full 0):
 garbage-first heap   total 258048K, used 29696K [0x0000000080000000, 0x0000000100000000)
  region size 1024K, 24 young (24576K), 0 survivors (0K)
 Metaspace       used 10690K, capacity 10948K, committed 11264K, reserved 1058816K
  class space    used 1129K, capacity 1200K, committed 1280K, reserved 1048576K
}
Event: 0.702 GC heap after
{Heap after GC invocations=1 (full 0):
 garbage-first heap   total 258048K, used 8683K [0x0000000080000000, 0x0000000100000000)
  region size 1024K, 3 young (3072K), 3 survivors (3072K)
 Metaspace       used 10690K, capacity 10948K, committed 11264K, reserved 1058816K
  class space    used 1129K, capacity 1200K, committed 1280K, reserved 1048576K
}
Event: 2.247 GC heap before
{Heap before GC invocations=1 (full 0):
 garbage-first heap   total 258048K, used 91627K [0x0000000080000000, 0x0000000100000000)
  region size 1024K, 86 young (88064K), 3 survivors (3072K)
 Metaspace       used 20548K, capacity 21111K, committed 21248K, reserved 1067008K
  class space    used 2523K, capacity 2712K, committed 2816K, reserved 1048576K
}
Event: 2.253 GC heap after
{Heap after GC invocations=2 (full 0):
 garbage-first heap   total 258048K, used 16124K [0x0000000080000000, 0x0000000100000000)
  region size 1024K, 11 young (11264K), 11 survivors (11264K)
 Metaspace       used 20548K, capacity 21111K, committed 21248K, reserved 1067008K
  class space    used 2523K, capacity 2712K, committed 2816K, reserved 1048576K
}
Event: 2.701 GC heap before
{Heap before GC invocations=3 (full 0):
 garbage-first heap   total 258048K, used 58108K [0x0000000080000000, 0x0000000100000000)
  region size 1024K, 52 young (53248K), 11 survivors (11264K)
 Metaspace       used 25463K, capacity 26133K, committed 26368K, reserved 1073152K
  class space    used 3316K, capacity 3538K, committed 3584K, reserved 1048576K
}
Event: 2.707 GC heap after
{Heap after GC invocations=4 (full 0):
 garbage-first heap   total 258048K, used 18255K [0x0000000080000000, 0x0000000100000000)
  region size 1024K, 3 young (3072K), 3 survivors (3072K)
 Metaspace       used 25463K, capacity 26133K, committed 26368K, reserved 1073152K
  class space    used 3316K, capacity 3538K, committed 3584K, reserved 1048576K
}
Event: 3.423 GC heap before
{Heap before GC invocations=4 (full 0):
 garbage-first heap   total 258048K, used 73551K [0x0000000080000000, 0x0000000100000000)
  region size 1024K, 58 young (59392K), 3 survivors (3072K)
 Metaspace       used 35027K, capacity 35819K, committed 35840K, reserved 1081344K
  class space    used 4562K, capacity 4854K, committed 4864K, reserved 1048576K
}
Event: 3.429 GC heap after
{Heap after GC invocations=5 (full 0):
 garbage-first heap   total 258048K, used 21144K [0x0000000080000000, 0x0000000100000000)
  region size 1024K, 6 young (6144K), 6 survivors (6144K)
 Metaspace       used 35027K, capacity 35819K, committed 35840K, reserved 1081344K
  class space    used 4562K, capacity 4854K, committed 4864K, reserved 1048576K
}
Event: 4.852 GC heap before
{Heap before GC invocations=6 (full 0):
 garbage-first heap   total 258048K, used 135832K [0x0000000080000000, 0x0000000100000000)
  region size 1024K, 115 young (117760K), 6 survivors (6144K)
 Metaspace       used 44097K, capacity 45163K, committed 45260K, reserved 1089536K
  class space    used 5672K, capacity 6025K, committed 6092K, reserved 1048576K
}
Event: 4.862 GC heap after
{Heap after GC invocations=7 (full 0):
 garbage-first heap   total 258048K, used 26669K [0x0000000080000000, 0x0000000100000000)
  region size 1024K, 11 young (11264K), 11 survivors (11264K)
 Metaspace       used 44097K, capacity 45163K, committed 45260K, reserved 1089536K
  class space    used 5672K, capacity 6025K, committed 6092K, reserved 1048576K
}
Event: 6.784 GC heap before
{Heap before GC invocations=7 (full 0):
 garbage-first heap   total 258048K, used 167981K [0x0000000080000000, 0x0000000100000000)
  region size 1024K, 147 young (150528K), 11 survivors (11264K)
 Metaspace       used 58676K, capacity 60125K, committed 60236K, reserved 1101824K
  class space    used 7444K, capacity 7954K, committed 8012K, reserved 1048576K
}
Event: 6.815 GC heap after
{Heap after GC invocations=8 (full 0):
 garbage-first heap   total 258048K, used 42446K [0x0000000080000000, 0x0000000100000000)
  region size 1024K, 19 young (19456K), 19 survivors (19456K)
 Metaspace       used 58676K, capacity 60125K, committed 60236K, reserved 1101824K
  class space    used 7444K, capacity 7954K, committed 8012K, reserved 1048576K
}
Event: 8.760 GC heap before
{Heap before GC invocations=9 (full 0):
 garbage-first heap   total 258048K, used 177614K [0x0000000080000000, 0x0000000100000000)
  region size 1024K, 151 young (154624K), 19 survivors (19456K)
 Metaspace       used 71547K, capacity 73244K, committed 73548K, reserved 1112064K
  class space    used 9398K, capacity 9990K, committed 10060K, reserved 1048576K
}
Event: 8.785 GC heap after
{Heap after GC invocations=10 (full 0):
 garbage-first heap   total 258048K, used 51103K [0x0000000080000000, 0x0000000100000000)
  region size 1024K, 10 young (10240K), 10 survivors (10240K)
 Metaspace       used 71547K, capacity 73244K, committed 73548K, reserved 1112064K
  class space    used 9398K, capacity 9990K, committed 10060K, reserved 1048576K
}

