# JRE version: OpenJDK Runtime Environment (11.0.8+10) (build 11.0.8+10-b944.6842174)
# Java VM: OpenJDK 64-Bit Server VM (11.0.8+10-b944.6842174, mixed mode, tiered, compressed oops, g1 gc, windows-amd64)
Heap:
 garbage-first heap   total 258048K, used 130881K [0x0000000080000000, 0x0000000100000000)
  region size 1024K, 111 young (113664K), 11 survivors (11264K)
 Metaspace       used 53531K, capacity 54850K, committed 55116K, reserved 1097728K
  class space    used 6840K, capacity 7275K, committed 7296K, reserved 1048576K
GC Heap History (10 events):
Event: 0.726 GC heap before
{Heap before GC invocations=0 (full 0):
 garbage-first heap   total 258048K, used 29696K [0x0000000080000000, 0x0000000100000000)
  region size 1024K, 24 young (24576K), 0 survivors (0K)
 Metaspace       used 10650K, capacity 10948K, committed 11264K, reserved 1058816K
  class space    used 1128K, capacity 1200K, committed 1280K, reserved 1048576K
}
Event: 0.729 GC heap after
{Heap after GC invocations=1 (full 0):
 garbage-first heap   total 258048K, used 8574K [0x0000000080000000, 0x0000000100000000)
  region size 1024K, 3 young (3072K), 3 survivors (3072K)
 Metaspace       used 10650K, capacity 10948K, committed 11264K, reserved 1058816K
  class space    used 1128K, capacity 1200K, committed 1280K, reserved 1048576K
}
Event: 2.565 GC heap before
{Heap before GC invocations=1 (full 0):
 garbage-first heap   total 258048K, used 91518K [0x0000000080000000, 0x0000000100000000)
  region size 1024K, 86 young (88064K), 3 survivors (3072K)
 Metaspace       used 20556K, capacity 21111K, committed 21248K, reserved 1067008K
  class space    used 2526K, capacity 2712K, committed 2816K, reserved 1048576K
}
Event: 2.572 GC heap after
{Heap after GC invocations=2 (full 0):
 garbage-first heap   total 258048K, used 16061K [0x0000000080000000, 0x0000000100000000)
  region size 1024K, 11 young (11264K), 11 survivors (11264K)
 Metaspace       used 20556K, capacity 21111K, committed 21248K, reserved 1067008K
  class space    used 2526K, capacity 2712K, committed 2816K, reserved 1048576K
}
Event: 3.312 GC heap before
{Heap before GC invocations=3 (full 0):
 garbage-first heap   total 258048K, used 77501K [0x0000000080000000, 0x0000000100000000)
  region size 1024K, 71 young (72704K), 11 survivors (11264K)
 Metaspace       used 27298K, capacity 27943K, committed 28160K, reserved 1073152K
  class space    used 3602K, capacity 3823K, committed 3840K, reserved 1048576K
}
Event: 3.318 GC heap after
{Heap after GC invocations=4 (full 0):
 garbage-first heap   total 258048K, used 18637K [0x0000000080000000, 0x0000000100000000)
  region size 1024K, 3 young (3072K), 3 survivors (3072K)
 Metaspace       used 27298K, capacity 27943K, committed 28160K, reserved 1073152K
  class space    used 3602K, capacity 3823K, committed 3840K, reserved 1048576K
}
Event: 3.810 GC heap before
{Heap before GC invocations=4 (full 0):
 garbage-first heap   total 258048K, used 54477K [0x0000000080000000, 0x0000000100000000)
  region size 1024K, 40 young (40960K), 3 survivors (3072K)
 Metaspace       used 35001K, capacity 35761K, committed 35840K, reserved 1081344K
  class space    used 4563K, capacity 4856K, committed 4864K, reserved 1048576K
}
Event: 3.815 GC heap after
{Heap after GC invocations=5 (full 0):
 garbage-first heap   total 258048K, used 21104K [0x0000000080000000, 0x0000000100000000)
  region size 1024K, 6 young (6144K), 6 survivors (6144K)
 Metaspace       used 35001K, capacity 35761K, committed 35840K, reserved 1081344K
  class space    used 4563K, capacity 4856K, committed 4864K, reserved 1048576K
}
Event: 4.927 GC heap before
{Heap before GC invocations=6 (full 0):
 garbage-first heap   total 258048K, used 127600K [0x0000000080000000, 0x0000000100000000)
  region size 1024K, 107 young (109568K), 6 survivors (6144K)
 Metaspace       used 44040K, capacity 45095K, committed 45260K, reserved 1089536K
  class space    used 5671K, capacity 6024K, committed 6144K, reserved 1048576K
}
Event: 4.936 GC heap after
{Heap after GC invocations=7 (full 0):
 garbage-first heap   total 258048K, used 26433K [0x0000000080000000, 0x0000000100000000)
  region size 1024K, 11 young (11264K), 11 survivors (11264K)
 Metaspace       used 44040K, capacity 45095K, committed 45260K, reserved 1089536K
  class space    used 5671K, capacity 6024K, committed 6144K, reserved 1048576K
}

