# JRE version: OpenJDK Runtime Environment (11.0.8+10) (build 11.0.8+10-b944.6842174)
# Java VM: OpenJDK 64-Bit Server VM (11.0.8+10-b944.6842174, mixed mode, tiered, compressed oops, g1 gc, windows-amd64)
Heap:
 garbage-first heap   total 258048K, used 125153K [0x0000000080000000, 0x0000000100000000)
  region size 1024K, 67 young (68608K), 10 survivors (10240K)
 Metaspace       used 89529K, capacity 91743K, committed 91980K, reserved 1128448K
  class space    used 11315K, capacity 12069K, committed 12160K, reserved 1048576K
GC Heap History (20 events):
Event: 10.696 GC heap before
{Heap before GC invocations=3 (full 0):
 garbage-first heap   total 258048K, used 81614K [0x0000000080000000, 0x0000000100000000)
  region size 1024K, 75 young (76800K), 11 survivors (11264K)
 Metaspace       used 27710K, capacity 28413K, committed 28544K, reserved 1073152K
  class space    used 3670K, capacity 3894K, committed 3968K, reserved 1048576K
}
Event: 10.702 GC heap after
{Heap after GC invocations=4 (full 0):
 garbage-first heap   total 258048K, used 19040K [0x0000000080000000, 0x0000000100000000)
  region size 1024K, 3 young (3072K), 3 survivors (3072K)
 Metaspace       used 27710K, capacity 28413K, committed 28544K, reserved 1073152K
  class space    used 3670K, capacity 3894K, committed 3968K, reserved 1048576K
}
Event: 11.178 GC heap before
{Heap before GC invocations=4 (full 0):
 garbage-first heap   total 258048K, used 50784K [0x0000000080000000, 0x0000000100000000)
  region size 1024K, 35 young (35840K), 3 survivors (3072K)
 Metaspace       used 35000K, capacity 35761K, committed 35840K, reserved 1081344K
  class space    used 4563K, capacity 4856K, committed 4864K, reserved 1048576K
}
Event: 11.186 GC heap after
{Heap after GC invocations=5 (full 0):
 garbage-first heap   total 258048K, used 21486K [0x0000000080000000, 0x0000000100000000)
  region size 1024K, 6 young (6144K), 6 survivors (6144K)
 Metaspace       used 35000K, capacity 35761K, committed 35840K, reserved 1081344K
  class space    used 4563K, capacity 4856K, committed 4864K, reserved 1048576K
}
Event: 12.433 GC heap before
{Heap before GC invocations=6 (full 0):
 garbage-first heap   total 258048K, used 124910K [0x0000000080000000, 0x0000000100000000)
  region size 1024K, 104 young (106496K), 6 survivors (6144K)
 Metaspace       used 44084K, capacity 45185K, committed 45516K, reserved 1089536K
  class space    used 5669K, capacity 6054K, committed 6144K, reserved 1048576K
}
Event: 12.440 GC heap after
{Heap after GC invocations=7 (full 0):
 garbage-first heap   total 258048K, used 26322K [0x0000000080000000, 0x0000000100000000)
  region size 1024K, 11 young (11264K), 11 survivors (11264K)
 Metaspace       used 44084K, capacity 45185K, committed 45516K, reserved 1089536K
  class space    used 5669K, capacity 6054K, committed 6144K, reserved 1048576K
}
Event: 22.973 GC heap before
{Heap before GC invocations=7 (full 0):
 garbage-first heap   total 258048K, used 171730K [0x0000000080000000, 0x0000000100000000)
  region size 1024K, 151 young (154624K), 11 survivors (11264K)
 Metaspace       used 57782K, capacity 59195K, committed 59340K, reserved 1101824K
  class space    used 7368K, capacity 7882K, committed 7936K, reserved 1048576K
}
Event: 22.992 GC heap after
{Heap after GC invocations=8 (full 0):
 garbage-first heap   total 258048K, used 41478K [0x0000000080000000, 0x0000000100000000)
  region size 1024K, 19 young (19456K), 19 survivors (19456K)
 Metaspace       used 57782K, capacity 59195K, committed 59340K, reserved 1101824K
  class space    used 7368K, capacity 7882K, committed 7936K, reserved 1048576K
}
Event: 23.220 GC heap before
{Heap before GC invocations=8 (full 0):
 garbage-first heap   total 258048K, used 50694K [0x0000000080000000, 0x0000000100000000)
  region size 1024K, 29 young (29696K), 19 survivors (19456K)
 Metaspace       used 58762K, capacity 60221K, committed 60288K, reserved 1101824K
  class space    used 7444K, capacity 7921K, committed 7936K, reserved 1048576K
}
Event: 23.251 GC heap after
{Heap after GC invocations=9 (full 0):
 garbage-first heap   total 258048K, used 45303K [0x0000000080000000, 0x0000000100000000)
  region size 1024K, 4 young (4096K), 4 survivors (4096K)
 Metaspace       used 58762K, capacity 60221K, committed 60288K, reserved 1101824K
  class space    used 7444K, capacity 7921K, committed 7936K, reserved 1048576K
}
Event: 25.447 GC heap before
{Heap before GC invocations=10 (full 0):
 garbage-first heap   total 258048K, used 136439K [0x0000000080000000, 0x0000000100000000)
  region size 1024K, 93 young (95232K), 4 survivors (4096K)
 Metaspace       used 67175K, capacity 68781K, committed 69068K, reserved 1110016K
  class space    used 8804K, capacity 9375K, committed 9472K, reserved 1048576K
}
Event: 25.457 GC heap after
{Heap after GC invocations=11 (full 0):
 garbage-first heap   total 258048K, used 48452K [0x0000000080000000, 0x0000000100000000)
  region size 1024K, 7 young (7168K), 7 survivors (7168K)
 Metaspace       used 67175K, capacity 68781K, committed 69068K, reserved 1110016K
  class space    used 8804K, capacity 9375K, committed 9472K, reserved 1048576K
}
Event: 28.807 GC heap before
{Heap before GC invocations=11 (full 0):
 garbage-first heap   total 258048K, used 146756K [0x0000000080000000, 0x0000000100000000)
  region size 1024K, 104 young (106496K), 7 survivors (7168K)
 Metaspace       used 75037K, capacity 76923K, committed 77004K, reserved 1116160K
  class space    used 9821K, capacity 10489K, committed 10496K, reserved 1048576K
}
Event: 28.819 GC heap after
{Heap after GC invocations=12 (full 0):
 garbage-first heap   total 258048K, used 54864K [0x0000000080000000, 0x0000000100000000)
  region size 1024K, 13 young (13312K), 13 survivors (13312K)
 Metaspace       used 75037K, capacity 76923K, committed 77004K, reserved 1116160K
  class space    used 9821K, capacity 10489K, committed 10496K, reserved 1048576K
}
Event: 33.788 GC heap before
{Heap before GC invocations=12 (full 0):
 garbage-first heap   total 258048K, used 158288K [0x0000000080000000, 0x0000000100000000)
  region size 1024K, 115 young (117760K), 13 survivors (13312K)
 Metaspace       used 80552K, capacity 82614K, committed 82892K, reserved 1120256K
  class space    used 10497K, capacity 11189K, committed 11264K, reserved 1048576K
}
Event: 33.804 GC heap after
{Heap after GC invocations=13 (full 0):
 garbage-first heap   total 258048K, used 60270K [0x0000000080000000, 0x0000000100000000)
  region size 1024K, 12 young (12288K), 12 survivors (12288K)
 Metaspace       used 80552K, capacity 82614K, committed 82892K, reserved 1120256K
  class space    used 10497K, capacity 11189K, committed 11264K, reserved 1048576K
}
Event: 38.373 GC heap before
{Heap before GC invocations=13 (full 0):
 garbage-first heap   total 258048K, used 166766K [0x0000000080000000, 0x0000000100000000)
  region size 1024K, 117 young (119808K), 12 survivors (12288K)
 Metaspace       used 82953K, capacity 85044K, committed 85196K, reserved 1122304K
  class space    used 10706K, capacity 11459K, committed 11520K, reserved 1048576K
}
Event: 38.391 GC heap after
{Heap after GC invocations=14 (full 0):
 garbage-first heap   total 258048K, used 65657K [0x0000000080000000, 0x0000000100000000)
  region size 1024K, 11 young (11264K), 11 survivors (11264K)
 Metaspace       used 82953K, capacity 85044K, committed 85196K, reserved 1122304K
  class space    used 10706K, capacity 11459K, committed 11520K, reserved 1048576K
}
Event: 47.161 GC heap before
{Heap before GC invocations=14 (full 0):
 garbage-first heap   total 258048K, used 217209K [0x0000000080000000, 0x0000000100000000)
  region size 1024K, 118 young (120832K), 11 survivors (11264K)
 Metaspace       used 89384K, capacity 91602K, committed 91724K, reserved 1128448K
  class space    used 11313K, capacity 12067K, committed 12160K, reserved 1048576K
}
Event: 47.181 GC heap after
{Heap after GC invocations=15 (full 0):
 garbage-first heap   total 258048K, used 68833K [0x0000000080000000, 0x0000000100000000)
  region size 1024K, 10 young (10240K), 10 survivors (10240K)
 Metaspace       used 89384K, capacity 91602K, committed 91724K, reserved 1128448K
  class space    used 11313K, capacity 12067K, committed 12160K, reserved 1048576K
}

